{"timestamp": "2025-06-27T21:43:29.643164", "level": "INFO", "logger": "__main__", "message": "Starting full volatility forecasting pipeline", "module": "main", "function": "_log", "line": 222}
{"timestamp": "2025-06-27T21:43:29.644400", "level": "INFO", "logger": "__main__", "message": "Processing symbol: SPY", "module": "main", "function": "_log", "line": 222}
{"timestamp": "2025-06-27T21:43:30.554842", "level": "INFO", "logger": "__main__", "message": "Data validation complete for SPY: 299130 -> 298878 records", "module": "main", "function": "_log", "line": 222}
{"timestamp": "2025-06-27T21:43:30.555394", "level": "INFO", "logger": "__main__", "message": "Engineering features for SPY", "module": "main", "function": "_log", "line": 222}
{"timestamp": "2025-06-27T21:43:31.221047", "level": "INFO", "logger": "__main__", "message": "Feature engineering complete: 61 features, 151067 samples", "module": "main", "function": "_log", "line": 222}
{"timestamp": "2025-06-27T21:43:31.454246", "level": "INFO", "logger": "__main__", "message": "Creating sequences", "module": "main", "function": "_log", "line": 222}
{"timestamp": "2025-06-27T21:43:31.454703", "level": "INFO", "logger": "__main__", "message": "Total iterations: 151007", "module": "main", "function": "_log", "line": 222}
{"timestamp": "2025-06-27T21:43:32.216987", "level": "INFO", "logger": "__main__", "message": "Training lstm model for SPY", "module": "main", "function": "_log", "line": 222}
{"timestamp": "2025-06-27T21:43:32.217738", "level": "INFO", "logger": "__main__", "message": "Optimizing hyperparameters for lstm", "module": "main", "function": "_log", "line": 222}
{"timestamp": "2025-06-27T21:43:32.221994", "level": "INFO", "logger": "__main__", "message": "Training LSTM model", "module": "main", "function": "_log", "line": 222}
{"timestamp": "2025-06-27T21:43:32.453833", "level": "WARNING", "logger": "__main__", "message": "Trial failed: '<=' not supported between instances of 'float' and 'str'", "module": "main", "function": "_log", "line": 222}
{"timestamp": "2025-06-27T21:43:32.518597", "level": "INFO", "logger": "__main__", "message": "Training LSTM model", "module": "main", "function": "_log", "line": 222}
{"timestamp": "2025-06-27T21:43:32.812204", "level": "WARNING", "logger": "__main__", "message": "Trial failed: '<=' not supported between instances of 'float' and 'str'", "module": "main", "function": "_log", "line": 222}
{"timestamp": "2025-06-27T21:43:32.897000", "level": "INFO", "logger": "__main__", "message": "Training LSTM model", "module": "main", "function": "_log", "line": 222}
{"timestamp": "2025-06-27T21:43:33.294278", "level": "WARNING", "logger": "__main__", "message": "Trial failed: '<=' not supported between instances of 'float' and 'str'", "module": "main", "function": "_log", "line": 222}
{"timestamp": "2025-06-27T21:43:33.394197", "level": "INFO", "logger": "__main__", "message": "Training LSTM model", "module": "main", "function": "_log", "line": 222}
{"timestamp": "2025-06-27T21:43:33.685546", "level": "WARNING", "logger": "__main__", "message": "Trial failed: '<=' not supported between instances of 'float' and 'str'", "module": "main", "function": "_log", "line": 222}
{"timestamp": "2025-06-27T21:43:33.777913", "level": "INFO", "logger": "__main__", "message": "Training LSTM model", "module": "main", "function": "_log", "line": 222}
{"timestamp": "2025-06-27T21:43:34.076843", "level": "WARNING", "logger": "__main__", "message": "Trial failed: '<=' not supported between instances of 'float' and 'str'", "module": "main", "function": "_log", "line": 222}
{"timestamp": "2025-06-27T21:43:34.161279", "level": "INFO", "logger": "__main__", "message": "Training LSTM model", "module": "main", "function": "_log", "line": 222}
{"timestamp": "2025-06-27T21:43:34.450426", "level": "WARNING", "logger": "__main__", "message": "Trial failed: '<=' not supported between instances of 'float' and 'str'", "module": "main", "function": "_log", "line": 222}
{"timestamp": "2025-06-27T21:43:34.518077", "level": "INFO", "logger": "__main__", "message": "Training LSTM model", "module": "main", "function": "_log", "line": 222}
{"timestamp": "2025-06-27T21:43:34.793633", "level": "WARNING", "logger": "__main__", "message": "Trial failed: '<=' not supported between instances of 'float' and 'str'", "module": "main", "function": "_log", "line": 222}
{"timestamp": "2025-06-27T21:43:34.866579", "level": "INFO", "logger": "__main__", "message": "Training LSTM model", "module": "main", "function": "_log", "line": 222}
{"timestamp": "2025-06-27T21:43:35.133677", "level": "WARNING", "logger": "__main__", "message": "Trial failed: '<=' not supported between instances of 'float' and 'str'", "module": "main", "function": "_log", "line": 222}
{"timestamp": "2025-06-27T21:43:35.204955", "level": "INFO", "logger": "__main__", "message": "Training LSTM model", "module": "main", "function": "_log", "line": 222}
{"timestamp": "2025-06-27T21:43:35.487519", "level": "WARNING", "logger": "__main__", "message": "Trial failed: '<=' not supported between instances of 'float' and 'str'", "module": "main", "function": "_log", "line": 222}
{"timestamp": "2025-06-27T21:43:35.556267", "level": "INFO", "logger": "__main__", "message": "Training LSTM model", "module": "main", "function": "_log", "line": 222}
{"timestamp": "2025-06-27T21:43:35.928556", "level": "WARNING", "logger": "__main__", "message": "Trial failed: '<=' not supported between instances of 'float' and 'str'", "module": "main", "function": "_log", "line": 222}
{"timestamp": "2025-06-27T21:43:36.031769", "level": "INFO", "logger": "__main__", "message": "Training LSTM model", "module": "main", "function": "_log", "line": 222}
{"timestamp": "2025-06-27T21:43:36.338345", "level": "WARNING", "logger": "__main__", "message": "Trial failed: '<=' not supported between instances of 'float' and 'str'", "module": "main", "function": "_log", "line": 222}
{"timestamp": "2025-06-27T21:43:36.436379", "level": "INFO", "logger": "__main__", "message": "Training LSTM model", "module": "main", "function": "_log", "line": 222}
{"timestamp": "2025-06-27T21:43:36.784431", "level": "WARNING", "logger": "__main__", "message": "Trial failed: '<=' not supported between instances of 'float' and 'str'", "module": "main", "function": "_log", "line": 222}
{"timestamp": "2025-06-27T21:43:36.887897", "level": "INFO", "logger": "__main__", "message": "Training LSTM model", "module": "main", "function": "_log", "line": 222}
{"timestamp": "2025-06-27T21:43:37.198344", "level": "WARNING", "logger": "__main__", "message": "Trial failed: '<=' not supported between instances of 'float' and 'str'", "module": "main", "function": "_log", "line": 222}
{"timestamp": "2025-06-27T21:43:37.296724", "level": "INFO", "logger": "__main__", "message": "Training LSTM model", "module": "main", "function": "_log", "line": 222}
{"timestamp": "2025-06-27T21:43:37.668100", "level": "WARNING", "logger": "__main__", "message": "Trial failed: '<=' not supported between instances of 'float' and 'str'", "module": "main", "function": "_log", "line": 222}
{"timestamp": "2025-06-27T21:43:37.802987", "level": "INFO", "logger": "__main__", "message": "Training LSTM model", "module": "main", "function": "_log", "line": 222}
{"timestamp": "2025-06-27T21:43:38.078534", "level": "WARNING", "logger": "__main__", "message": "Trial failed: '<=' not supported between instances of 'float' and 'str'", "module": "main", "function": "_log", "line": 222}
{"timestamp": "2025-06-27T21:43:38.190898", "level": "INFO", "logger": "__main__", "message": "Training LSTM model", "module": "main", "function": "_log", "line": 222}
{"timestamp": "2025-06-27T21:43:38.479331", "level": "WARNING", "logger": "__main__", "message": "Trial failed: '<=' not supported between instances of 'float' and 'str'", "module": "main", "function": "_log", "line": 222}
{"timestamp": "2025-06-27T21:43:38.584655", "level": "INFO", "logger": "__main__", "message": "Training LSTM model", "module": "main", "function": "_log", "line": 222}
{"timestamp": "2025-06-27T21:43:38.872964", "level": "WARNING", "logger": "__main__", "message": "Trial failed: '<=' not supported between instances of 'float' and 'str'", "module": "main", "function": "_log", "line": 222}
{"timestamp": "2025-06-27T21:43:38.962851", "level": "INFO", "logger": "__main__", "message": "Training LSTM model", "module": "main", "function": "_log", "line": 222}
{"timestamp": "2025-06-27T21:43:39.246562", "level": "WARNING", "logger": "__main__", "message": "Trial failed: '<=' not supported between instances of 'float' and 'str'", "module": "main", "function": "_log", "line": 222}
{"timestamp": "2025-06-27T21:43:39.335509", "level": "INFO", "logger": "__main__", "message": "Training LSTM model", "module": "main", "function": "_log", "line": 222}
{"timestamp": "2025-06-27T21:43:39.586117", "level": "WARNING", "logger": "__main__", "message": "Trial failed: '<=' not supported between instances of 'float' and 'str'", "module": "main", "function": "_log", "line": 222}
{"timestamp": "2025-06-27T21:43:39.677464", "level": "INFO", "logger": "__main__", "message": "Training LSTM model", "module": "main", "function": "_log", "line": 222}
{"timestamp": "2025-06-27T21:43:39.928578", "level": "WARNING", "logger": "__main__", "message": "Trial failed: '<=' not supported between instances of 'float' and 'str'", "module": "main", "function": "_log", "line": 222}
{"timestamp": "2025-06-27T21:43:40.017860", "level": "INFO", "logger": "__main__", "message": "Training LSTM model", "module": "main", "function": "_log", "line": 222}
{"timestamp": "2025-06-27T21:43:40.298646", "level": "WARNING", "logger": "__main__", "message": "Trial failed: '<=' not supported between instances of 'float' and 'str'", "module": "main", "function": "_log", "line": 222}
{"timestamp": "2025-06-27T21:43:40.430974", "level": "INFO", "logger": "__main__", "message": "Training LSTM model", "module": "main", "function": "_log", "line": 222}
{"timestamp": "2025-06-27T21:43:40.744823", "level": "WARNING", "logger": "__main__", "message": "Trial failed: '<=' not supported between instances of 'float' and 'str'", "module": "main", "function": "_log", "line": 222}
{"timestamp": "2025-06-27T21:43:40.853865", "level": "INFO", "logger": "__main__", "message": "Training LSTM model", "module": "main", "function": "_log", "line": 222}
{"timestamp": "2025-06-27T21:43:41.142526", "level": "WARNING", "logger": "__main__", "message": "Trial failed: '<=' not supported between instances of 'float' and 'str'", "module": "main", "function": "_log", "line": 222}
{"timestamp": "2025-06-27T21:43:41.247367", "level": "INFO", "logger": "__main__", "message": "Training LSTM model", "module": "main", "function": "_log", "line": 222}
{"timestamp": "2025-06-27T21:43:41.562088", "level": "WARNING", "logger": "__main__", "message": "Trial failed: '<=' not supported between instances of 'float' and 'str'", "module": "main", "function": "_log", "line": 222}
{"timestamp": "2025-06-27T21:43:41.666945", "level": "INFO", "logger": "__main__", "message": "Training LSTM model", "module": "main", "function": "_log", "line": 222}
{"timestamp": "2025-06-27T21:43:41.989310", "level": "WARNING", "logger": "__main__", "message": "Trial failed: '<=' not supported between instances of 'float' and 'str'", "module": "main", "function": "_log", "line": 222}
{"timestamp": "2025-06-27T21:43:42.186753", "level": "INFO", "logger": "__main__", "message": "Training LSTM model", "module": "main", "function": "_log", "line": 222}
{"timestamp": "2025-06-27T21:43:42.493318", "level": "WARNING", "logger": "__main__", "message": "Trial failed: '<=' not supported between instances of 'float' and 'str'", "module": "main", "function": "_log", "line": 222}
{"timestamp": "2025-06-27T21:43:42.595653", "level": "INFO", "logger": "__main__", "message": "Training LSTM model", "module": "main", "function": "_log", "line": 222}
{"timestamp": "2025-06-27T21:43:42.925242", "level": "WARNING", "logger": "__main__", "message": "Trial failed: '<=' not supported between instances of 'float' and 'str'", "module": "main", "function": "_log", "line": 222}
{"timestamp": "2025-06-27T21:43:43.037589", "level": "INFO", "logger": "__main__", "message": "Training LSTM model", "module": "main", "function": "_log", "line": 222}
{"timestamp": "2025-06-27T21:43:43.352680", "level": "WARNING", "logger": "__main__", "message": "Trial failed: '<=' not supported between instances of 'float' and 'str'", "module": "main", "function": "_log", "line": 222}
{"timestamp": "2025-06-27T21:43:43.487391", "level": "INFO", "logger": "__main__", "message": "Training LSTM model", "module": "main", "function": "_log", "line": 222}
{"timestamp": "2025-06-27T21:43:43.865584", "level": "WARNING", "logger": "__main__", "message": "Trial failed: '<=' not supported between instances of 'float' and 'str'", "module": "main", "function": "_log", "line": 222}
{"timestamp": "2025-06-27T21:43:43.961510", "level": "INFO", "logger": "__main__", "message": "Training LSTM model", "module": "main", "function": "_log", "line": 222}
{"timestamp": "2025-06-27T21:43:44.286590", "level": "WARNING", "logger": "__main__", "message": "Trial failed: '<=' not supported between instances of 'float' and 'str'", "module": "main", "function": "_log", "line": 222}
{"timestamp": "2025-06-27T21:43:44.388784", "level": "INFO", "logger": "__main__", "message": "Training LSTM model", "module": "main", "function": "_log", "line": 222}
{"timestamp": "2025-06-27T21:43:44.748406", "level": "WARNING", "logger": "__main__", "message": "Trial failed: '<=' not supported between instances of 'float' and 'str'", "module": "main", "function": "_log", "line": 222}
{"timestamp": "2025-06-27T21:43:44.876490", "level": "INFO", "logger": "__main__", "message": "Training LSTM model", "module": "main", "function": "_log", "line": 222}
{"timestamp": "2025-06-27T21:43:45.304862", "level": "WARNING", "logger": "__main__", "message": "Trial failed: '<=' not supported between instances of 'float' and 'str'", "module": "main", "function": "_log", "line": 222}
{"timestamp": "2025-06-27T21:43:45.401734", "level": "INFO", "logger": "__main__", "message": "Training LSTM model", "module": "main", "function": "_log", "line": 222}
{"timestamp": "2025-06-27T21:43:45.726873", "level": "WARNING", "logger": "__main__", "message": "Trial failed: '<=' not supported between instances of 'float' and 'str'", "module": "main", "function": "_log", "line": 222}
{"timestamp": "2025-06-27T21:43:45.827335", "level": "INFO", "logger": "__main__", "message": "Training LSTM model", "module": "main", "function": "_log", "line": 222}
{"timestamp": "2025-06-27T21:43:46.228942", "level": "WARNING", "logger": "__main__", "message": "Trial failed: '<=' not supported between instances of 'float' and 'str'", "module": "main", "function": "_log", "line": 222}
{"timestamp": "2025-06-27T21:43:46.332364", "level": "INFO", "logger": "__main__", "message": "Training LSTM model", "module": "main", "function": "_log", "line": 222}
{"timestamp": "2025-06-27T21:43:46.636502", "level": "WARNING", "logger": "__main__", "message": "Trial failed: '<=' not supported between instances of 'float' and 'str'", "module": "main", "function": "_log", "line": 222}
{"timestamp": "2025-06-27T21:43:46.722790", "level": "INFO", "logger": "__main__", "message": "Training LSTM model", "module": "main", "function": "_log", "line": 222}
{"timestamp": "2025-06-27T21:43:47.004824", "level": "WARNING", "logger": "__main__", "message": "Trial failed: '<=' not supported between instances of 'float' and 'str'", "module": "main", "function": "_log", "line": 222}
{"timestamp": "2025-06-27T21:43:47.091359", "level": "INFO", "logger": "__main__", "message": "Training LSTM model", "module": "main", "function": "_log", "line": 222}
{"timestamp": "2025-06-27T21:43:47.377408", "level": "WARNING", "logger": "__main__", "message": "Trial failed: '<=' not supported between instances of 'float' and 'str'", "module": "main", "function": "_log", "line": 222}
{"timestamp": "2025-06-27T21:43:47.463468", "level": "INFO", "logger": "__main__", "message": "Training LSTM model", "module": "main", "function": "_log", "line": 222}
{"timestamp": "2025-06-27T21:43:47.761600", "level": "WARNING", "logger": "__main__", "message": "Trial failed: '<=' not supported between instances of 'float' and 'str'", "module": "main", "function": "_log", "line": 222}
{"timestamp": "2025-06-27T21:43:47.849633", "level": "INFO", "logger": "__main__", "message": "Training LSTM model", "module": "main", "function": "_log", "line": 222}
{"timestamp": "2025-06-27T21:43:48.114079", "level": "WARNING", "logger": "__main__", "message": "Trial failed: '<=' not supported between instances of 'float' and 'str'", "module": "main", "function": "_log", "line": 222}
{"timestamp": "2025-06-27T21:43:48.207042", "level": "INFO", "logger": "__main__", "message": "Training LSTM model", "module": "main", "function": "_log", "line": 222}
{"timestamp": "2025-06-27T21:43:48.474268", "level": "WARNING", "logger": "__main__", "message": "Trial failed: '<=' not supported between instances of 'float' and 'str'", "module": "main", "function": "_log", "line": 222}
{"timestamp": "2025-06-27T21:43:48.572967", "level": "INFO", "logger": "__main__", "message": "Training LSTM model", "module": "main", "function": "_log", "line": 222}
{"timestamp": "2025-06-27T21:43:48.944671", "level": "WARNING", "logger": "__main__", "message": "Trial failed: '<=' not supported between instances of 'float' and 'str'", "module": "main", "function": "_log", "line": 222}
{"timestamp": "2025-06-27T21:43:49.044516", "level": "INFO", "logger": "__main__", "message": "Training LSTM model", "module": "main", "function": "_log", "line": 222}
{"timestamp": "2025-06-27T21:43:49.389861", "level": "WARNING", "logger": "__main__", "message": "Trial failed: '<=' not supported between instances of 'float' and 'str'", "module": "main", "function": "_log", "line": 222}
{"timestamp": "2025-06-27T21:43:49.497175", "level": "INFO", "logger": "__main__", "message": "Training LSTM model", "module": "main", "function": "_log", "line": 222}
{"timestamp": "2025-06-27T21:43:49.839934", "level": "WARNING", "logger": "__main__", "message": "Trial failed: '<=' not supported between instances of 'float' and 'str'", "module": "main", "function": "_log", "line": 222}
{"timestamp": "2025-06-27T21:43:49.937493", "level": "INFO", "logger": "__main__", "message": "Training LSTM model", "module": "main", "function": "_log", "line": 222}
{"timestamp": "2025-06-27T21:43:50.356725", "level": "WARNING", "logger": "__main__", "message": "Trial failed: '<=' not supported between instances of 'float' and 'str'", "module": "main", "function": "_log", "line": 222}
{"timestamp": "2025-06-27T21:43:50.464736", "level": "INFO", "logger": "__main__", "message": "Training LSTM model", "module": "main", "function": "_log", "line": 222}
{"timestamp": "2025-06-27T21:43:50.767972", "level": "WARNING", "logger": "__main__", "message": "Trial failed: '<=' not supported between instances of 'float' and 'str'", "module": "main", "function": "_log", "line": 222}
{"timestamp": "2025-06-27T21:43:50.857416", "level": "INFO", "logger": "__main__", "message": "Training LSTM model", "module": "main", "function": "_log", "line": 222}
{"timestamp": "2025-06-27T21:43:51.110428", "level": "WARNING", "logger": "__main__", "message": "Trial failed: '<=' not supported between instances of 'float' and 'str'", "module": "main", "function": "_log", "line": 222}
{"timestamp": "2025-06-27T21:43:51.201395", "level": "INFO", "logger": "__main__", "message": "Training LSTM model", "module": "main", "function": "_log", "line": 222}
{"timestamp": "2025-06-27T21:43:51.461882", "level": "WARNING", "logger": "__main__", "message": "Trial failed: '<=' not supported between instances of 'float' and 'str'", "module": "main", "function": "_log", "line": 222}
{"timestamp": "2025-06-27T21:43:51.550467", "level": "INFO", "logger": "__main__", "message": "Training LSTM model", "module": "main", "function": "_log", "line": 222}
{"timestamp": "2025-06-27T21:43:51.812643", "level": "WARNING", "logger": "__main__", "message": "Trial failed: '<=' not supported between instances of 'float' and 'str'", "module": "main", "function": "_log", "line": 222}
{"timestamp": "2025-06-27T21:43:51.907859", "level": "INFO", "logger": "__main__", "message": "Training LSTM model", "module": "main", "function": "_log", "line": 222}
{"timestamp": "2025-06-27T21:43:52.174134", "level": "WARNING", "logger": "__main__", "message": "Trial failed: '<=' not supported between instances of 'float' and 'str'", "module": "main", "function": "_log", "line": 222}
{"timestamp": "2025-06-27T21:43:52.260091", "level": "INFO", "logger": "__main__", "message": "Training LSTM model", "module": "main", "function": "_log", "line": 222}
{"timestamp": "2025-06-27T21:43:52.516416", "level": "WARNING", "logger": "__main__", "message": "Trial failed: '<=' not supported between instances of 'float' and 'str'", "module": "main", "function": "_log", "line": 222}
{"timestamp": "2025-06-27T21:43:52.578498", "level": "INFO", "logger": "__main__", "message": "Best parameters: {'hidden_size': 162, 'num_layers': 3, 'dropout': 0.1640005039569415, 'learning_rate': 1.8636677476227145e-05, 'batch_size': 16}", "module": "main", "function": "_log", "line": 222}
{"timestamp": "2025-06-27T21:43:52.579239", "level": "INFO", "logger": "__main__", "message": "Best score: inf", "module": "main", "function": "_log", "line": 222}
{"timestamp": "2025-06-27T21:43:52.581834", "level": "INFO", "logger": "__main__", "message": "Training LSTM model", "module": "main", "function": "_log", "line": 222}
{"timestamp": "2025-06-27T21:43:52.932659", "level": "ERROR", "logger": "__main__", "message": "Error processing SPY: '<=' not supported between instances of 'float' and 'str'", "module": "main", "function": "_log", "line": 222}
{"timestamp": "2025-06-27T21:43:53.194930", "level": "INFO", "logger": "__main__", "message": "Pipeline completed successfully", "module": "main", "function": "_log", "line": 222}
