2025-06-24 15:53:39,795 - RVForecasting - INFO - Logging initialized. Log file: logs\rv_forecasting_20250624_155339.log
2025-06-24 15:53:39,796 - RVForecasting - INFO - Using device: cpu
2025-06-24 15:53:39,796 - RVForecasting - INFO - Starting training pipeline...
2025-06-24 15:53:39,796 - RVForecasting - INFO - === STARTING RV FORECASTING PIPELINE ===
2025-06-24 15:53:39,796 - RVForecasting - INFO - Loading data from: data\SPY.csv
2025-06-24 15:53:40,119 - RVForecasting - INFO - Loaded 297592 rows
2025-06-24 15:53:40,391 - RVForecasting - INFO - Data spans from 2022-05-31 13:30:00 to 2025-06-20 19:55:00
2025-06-24 15:53:40,395 - RVForecasting - INFO - Number of trading days: 767
2025-06-24 15:53:40,396 - RVForecasting - INFO - Computing log returns and RV targets...
2025-06-24 15:53:40,724 - RVForecasting - INFO - Removed 1 rows with NaN log returns
2025-06-24 15:53:40,724 - RVForecasting - INFO - Engineering features...
2025-06-24 15:53:42,137 - RVForecasting - INFO - Generated 25 features
2025-06-24 15:53:42,138 - RVForecasting - INFO - Preparing sequences for training...
2025-06-24 15:53:42,199 - RVForecasting - INFO - Using 59156 samples with valid targets
2025-06-24 15:54:05,004 - RVForecasting - INFO - Created 58766 sequences of shape (58766, 390, 19)
2025-06-24 15:54:05,008 - RVForecasting - INFO - Train: 42311, Val: 10578, Test: 5877
2025-06-24 15:54:05,009 - RVForecasting - INFO - Training TRANSFORMER model...
2025-06-24 15:54:09,220 - RVForecasting - INFO - Starting training for transformer...
2025-06-24 15:54:09,220 - RVForecasting - INFO - Epoch 1/100
2025-06-24 17:31:39,688 - RVForecasting - INFO - Epoch 1/100 - Train Loss: 0.001411, Val Loss: 0.000041
2025-06-24 17:31:39,711 - RVForecasting - INFO - Epoch 2/100
2025-06-24 18:53:37,106 - RVForecasting - INFO - Epoch 2/100 - Train Loss: 0.000662, Val Loss: 0.000155
2025-06-24 18:53:37,106 - RVForecasting - INFO - Epoch 3/100
